Y:\DROPBOX\GI02\MI01\TP5\TP_IMAGE\DEBUG\APPLI.OBJ
Y:\DROPBOX\GI02\MI01\TP5\TP_IMAGE\DEBUG\VC110.PDB
Y:\DROPBOX\GI02\MI01\TP7\TP_IMAGE_MMX\DEBUG\APPLI.OBJ
Y:\DROPBOX\GI02\MI01\TP7\TP_IMAGE_MMX\DEBUG\VC110.PDB
Y:\DROPBOX\GI02\MI01\TP5\TP_IMAGE\DEBUG\TP_IMAGE.ILK
Y:\DROPBOX\GI02\MI01\TP5\TP_IMAGE\DEBUG\TP_IMAGE.EXE
Y:\DROPBOX\GI02\MI01\TP5\TP_IMAGE\DEBUG\TP_IMAGE.PDB
Y:\DROPBOX\GI02\MI01\TP6\TP_IMAGE_SOBEL\DEBUG\TP_IMAGE.ILK
Y:\DROPBOX\GI02\MI01\TP6\TP_IMAGE_SOBEL\DEBUG\TP_IMAGE.EXE
Y:\DROPBOX\GI02\MI01\TP6\TP_IMAGE_SOBEL\DEBUG\TP_IMAGE.PDB
Y:\DROPBOX\GI02\MI01\TP7\TP_IMAGE_MMX\DEBUG\TP_IMAGE.PDB
Y:\DROPBOX\GI02\MI01\TP5\TP_IMAGE\DEBUG\APPLI.RES
Y:\DROPBOX\GI02\MI01\TP6\TP_IMAGE_SOBEL\DEBUG\APPLI.RES
Y:\DROPBOX\GI02\MI01\TP7\TP_IMAGE_MMX\DEBUG\APPLI.RES
Y:\Dropbox\GI02\MI01\TP5\tp_image\Debug\image.obj
Y:\Dropbox\GI02\MI01\TP6\tp_image_sobel\Debug\image.obj
Y:\Dropbox\GI02\MI01\TP6\tp_image_sobel\Debug\image-1.obj
Y:\Dropbox\GI02\MI01\TP7\tp_image_mmx\Debug\image.obj
Y:\Dropbox\GI02\MI01\TP7\tp_image_mmx\Debug\image_mmx.obj
Y:\Dropbox\GI02\MI01\TP7\tp_image_mmx\Debug\appli.obj
Y:\Dropbox\GI02\MI01\TP7\tp_image_mmx\Debug\image-1.obj
Y:\Dropbox\GI02\MI01\TP7\tp_image_mmx\Debug\tp_image.ilk
Y:\Dropbox\GI02\MI01\TP7\tp_image_mmx\Debug\cl.command.1.tlog
Y:\Dropbox\GI02\MI01\TP7\tp_image_mmx\Debug\cl.read.1.tlog
Y:\Dropbox\GI02\MI01\TP7\tp_image_mmx\Debug\cl.write.1.tlog
Y:\Dropbox\GI02\MI01\TP7\tp_image_mmx\Debug\link-cvtres.read.1.tlog
Y:\Dropbox\GI02\MI01\TP7\tp_image_mmx\Debug\link-cvtres.write.1.tlog
Y:\Dropbox\GI02\MI01\TP7\tp_image_mmx\Debug\link-rc.read.1.tlog
Y:\Dropbox\GI02\MI01\TP7\tp_image_mmx\Debug\link-rc.write.1.tlog
Y:\Dropbox\GI02\MI01\TP7\tp_image_mmx\Debug\link.command.1.tlog
Y:\Dropbox\GI02\MI01\TP7\tp_image_mmx\Debug\link.read.1.tlog
Y:\Dropbox\GI02\MI01\TP7\tp_image_mmx\Debug\link.write.1.tlog
Y:\Dropbox\GI02\MI01\TP7\tp_image_mmx\Debug\rc.command.1.tlog
Y:\Dropbox\GI02\MI01\TP7\tp_image_mmx\Debug\rc.read.1.tlog
Y:\Dropbox\GI02\MI01\TP7\tp_image_mmx\Debug\rc.write.1.tlog
Y:\Dropbox\GI02\MI01\TP7\tp_image_mmx\Debug\tp_image.write.1.tlog
Y:\Dropbox\GI02\MI01\TP7\tp_image_mmx\Debug\appli.res
Y:\Dropbox\GI02\MI01\TP7\tp_image_mmx\Debug\vc110.idb
Y:\Dropbox\GI02\MI01\TP7\tp_image_mmx\Debug\tp_image.pdb
Y:\Dropbox\GI02\MI01\TP7\tp_image_mmx\Debug\vc110.pdb
Y:\Dropbox\GI02\MI01\TP7\tp_image_mmx\Debug\tp_image.exe
